Analysis & Synthesis report for tankgame2
Thu Dec  5 11:40:33 2024
Quartus Prime Version 23.1std.1 Build 993 05/14/2024 SC Standard Edition


---------------------
; Table of Contents ;
---------------------
  1. Legal Notice
  2. Analysis & Synthesis Summary
  3. Analysis & Synthesis Settings
  4. Parallel Compilation
  5. Analysis & Synthesis Messages



----------------
; Legal Notice ;
----------------
Copyright (C) 2024  Intel Corporation. All rights reserved.
Your use of Intel Corporation's design tools, logic functions 
and other software and tools, and any partner logic 
functions, and any output files from any of the foregoing 
(including device programming or simulation files), and any 
associated documentation or information are expressly subject 
to the terms and conditions of the Intel Program License 
Subscription Agreement, the Intel Quartus Prime License Agreement,
the Intel FPGA IP License Agreement, or other applicable license
agreement, including, without limitation, that your use is for
the sole purpose of programming logic devices manufactured by
Intel and sold by Intel or its authorized distributors.  Please
refer to the applicable agreement for further details, at
https://fpgasoftware.intel.com/eula.



+-----------------------------------------------------------------------------------------+
; Analysis & Synthesis Summary                                                            ;
+------------------------------------+----------------------------------------------------+
; Analysis & Synthesis Status        ; Failed - Thu Dec  5 11:40:33 2024                  ;
; Quartus Prime Version              ; 23.1std.1 Build 993 05/14/2024 SC Standard Edition ;
; Revision Name                      ; tankgame2                                          ;
; Top-level Entity Name              ; tank_control                                       ;
; Family                             ; Cyclone IV E                                       ;
; Total logic elements               ; N/A until Partition Merge                          ;
;     Total combinational functions  ; N/A until Partition Merge                          ;
;     Dedicated logic registers      ; N/A until Partition Merge                          ;
; Total registers                    ; N/A until Partition Merge                          ;
; Total pins                         ; N/A until Partition Merge                          ;
; Total virtual pins                 ; N/A until Partition Merge                          ;
; Total memory bits                  ; N/A until Partition Merge                          ;
; Embedded Multiplier 9-bit elements ; N/A until Partition Merge                          ;
; Total PLLs                         ; N/A until Partition Merge                          ;
+------------------------------------+----------------------------------------------------+


+------------------------------------------------------------------------------------------------------------+
; Analysis & Synthesis Settings                                                                              ;
+------------------------------------------------------------------+--------------------+--------------------+
; Option                                                           ; Setting            ; Default Value      ;
+------------------------------------------------------------------+--------------------+--------------------+
; Device                                                           ; EP4CE115F29C7      ;                    ;
; Top-level entity name                                            ; tank_control       ; tankgame2          ;
; Family name                                                      ; Cyclone IV E       ; Cyclone V          ;
; Use smart compilation                                            ; Off                ; Off                ;
; Enable parallel Assembler and Timing Analyzer during compilation ; On                 ; On                 ;
; Enable compact report table                                      ; Off                ; Off                ;
; Restructure Multiplexers                                         ; Auto               ; Auto               ;
; Create Debugging Nodes for IP Cores                              ; Off                ; Off                ;
; Preserve fewer node names                                        ; On                 ; On                 ;
; Intel FPGA IP Evaluation Mode                                    ; Enable             ; Enable             ;
; Verilog Version                                                  ; Verilog_2001       ; Verilog_2001       ;
; VHDL Version                                                     ; VHDL_1993          ; VHDL_1993          ;
; State Machine Processing                                         ; Auto               ; Auto               ;
; Safe State Machine                                               ; Off                ; Off                ;
; Extract Verilog State Machines                                   ; On                 ; On                 ;
; Extract VHDL State Machines                                      ; On                 ; On                 ;
; Ignore Verilog initial constructs                                ; Off                ; Off                ;
; Iteration limit for constant Verilog loops                       ; 5000               ; 5000               ;
; Iteration limit for non-constant Verilog loops                   ; 250                ; 250                ;
; Add Pass-Through Logic to Inferred RAMs                          ; On                 ; On                 ;
; Infer RAMs from Raw Logic                                        ; On                 ; On                 ;
; Parallel Synthesis                                               ; On                 ; On                 ;
; DSP Block Balancing                                              ; Auto               ; Auto               ;
; NOT Gate Push-Back                                               ; On                 ; On                 ;
; Power-Up Don't Care                                              ; On                 ; On                 ;
; Remove Redundant Logic Cells                                     ; Off                ; Off                ;
; Remove Duplicate Registers                                       ; On                 ; On                 ;
; Ignore CARRY Buffers                                             ; Off                ; Off                ;
; Ignore CASCADE Buffers                                           ; Off                ; Off                ;
; Ignore GLOBAL Buffers                                            ; Off                ; Off                ;
; Ignore ROW GLOBAL Buffers                                        ; Off                ; Off                ;
; Ignore LCELL Buffers                                             ; Off                ; Off                ;
; Ignore SOFT Buffers                                              ; On                 ; On                 ;
; Limit AHDL Integers to 32 Bits                                   ; Off                ; Off                ;
; Optimization Technique                                           ; Balanced           ; Balanced           ;
; Carry Chain Length                                               ; 70                 ; 70                 ;
; Auto Carry Chains                                                ; On                 ; On                 ;
; Auto Open-Drain Pins                                             ; On                 ; On                 ;
; Perform WYSIWYG Primitive Resynthesis                            ; Off                ; Off                ;
; Auto ROM Replacement                                             ; On                 ; On                 ;
; Auto RAM Replacement                                             ; On                 ; On                 ;
; Auto DSP Block Replacement                                       ; On                 ; On                 ;
; Auto Shift Register Replacement                                  ; Auto               ; Auto               ;
; Allow Shift Register Merging across Hierarchies                  ; Auto               ; Auto               ;
; Auto Clock Enable Replacement                                    ; On                 ; On                 ;
; Strict RAM Replacement                                           ; Off                ; Off                ;
; Allow Synchronous Control Signals                                ; On                 ; On                 ;
; Force Use of Synchronous Clear Signals                           ; Off                ; Off                ;
; Auto RAM Block Balancing                                         ; On                 ; On                 ;
; Auto RAM to Logic Cell Conversion                                ; Off                ; Off                ;
; Auto Resource Sharing                                            ; Off                ; Off                ;
; Allow Any RAM Size For Recognition                               ; Off                ; Off                ;
; Allow Any ROM Size For Recognition                               ; Off                ; Off                ;
; Allow Any Shift Register Size For Recognition                    ; Off                ; Off                ;
; Use LogicLock Constraints during Resource Balancing              ; On                 ; On                 ;
; Ignore translate_off and synthesis_off directives                ; Off                ; Off                ;
; Timing-Driven Synthesis                                          ; On                 ; On                 ;
; Report Parameter Settings                                        ; On                 ; On                 ;
; Report Source Assignments                                        ; On                 ; On                 ;
; Report Connectivity Checks                                       ; On                 ; On                 ;
; Ignore Maximum Fan-Out Assignments                               ; Off                ; Off                ;
; Synchronization Register Chain Length                            ; 2                  ; 2                  ;
; Power Optimization During Synthesis                              ; Normal compilation ; Normal compilation ;
; HDL message level                                                ; Level2             ; Level2             ;
; Suppress Register Optimization Related Messages                  ; Off                ; Off                ;
; Number of Removed Registers Reported in Synthesis Report         ; 5000               ; 5000               ;
; Number of Swept Nodes Reported in Synthesis Report               ; 5000               ; 5000               ;
; Number of Inverted Registers Reported in Synthesis Report        ; 100                ; 100                ;
; Clock MUX Protection                                             ; On                 ; On                 ;
; Auto Gated Clock Conversion                                      ; Off                ; Off                ;
; Block Design Naming                                              ; Auto               ; Auto               ;
; SDC constraint protection                                        ; Off                ; Off                ;
; Synthesis Effort                                                 ; Auto               ; Auto               ;
; Shift Register Replacement - Allow Asynchronous Clear Signal     ; On                 ; On                 ;
; Pre-Mapping Resynthesis Optimization                             ; Off                ; Off                ;
; Analysis & Synthesis Message Level                               ; Medium             ; Medium             ;
; Disable Register Merging Across Hierarchies                      ; Auto               ; Auto               ;
; Resource Aware Inference For Block RAM                           ; On                 ; On                 ;
+------------------------------------------------------------------+--------------------+--------------------+


+------------------------------------------+
; Parallel Compilation                     ;
+----------------------------+-------------+
; Processors                 ; Number      ;
+----------------------------+-------------+
; Number detected on machine ; 12          ;
; Maximum allowed            ; 6           ;
;                            ;             ;
; Average used               ; 1.00        ;
; Maximum used               ; 1           ;
;                            ;             ;
; Usage by Processor         ; % Time Used ;
;     Processor 1            ; 100.0%      ;
+----------------------------+-------------+


+-------------------------------+
; Analysis & Synthesis Messages ;
+-------------------------------+
Info: *******************************************************************
Info: Running Quartus Prime Analysis & Synthesis
    Info: Version 23.1std.1 Build 993 05/14/2024 SC Standard Edition
    Info: Processing started: Thu Dec  5 11:40:21 2024
Info: Command: quartus_map --read_settings_files=on --write_settings_files=off tankgame2 -c tankgame2
Warning (18236): Number of processors has not been specified which may cause overloading on shared machines.  Set the global assignment NUM_PARALLEL_PROCESSORS in your QSF to an appropriate value for best performance.
Info (20030): Parallel compilation is enabled and will use 6 of the 6 processors detected
Info (12021): Found 2 design units, including 1 entities, in source file /users/joshu/onedrive/documents/masters-northwestern/masters_fall/ce-355/final_tank_game_2/final_tank_game/finalproject-ce355/miniprojects/ps2/ps2.vhd
    Info (12022): Found design unit 1: ps2-structural File: C:/Users/joshu/OneDrive/Documents/Masters-Northwestern/Masters_Fall/CE-355/final_tank_game_2/final_tank_game/finalproject-ce355/miniprojects/ps2/ps2.vhd Line: 19
    Info (12023): Found entity 1: ps2 File: C:/Users/joshu/OneDrive/Documents/Masters-Northwestern/Masters_Fall/CE-355/final_tank_game_2/final_tank_game/finalproject-ce355/miniprojects/ps2/ps2.vhd Line: 6
Info (12021): Found 2 design units, including 1 entities, in source file /users/joshu/onedrive/documents/masters-northwestern/masters_fall/ce-355/final_tank_game_2/final_tank_game/finalproject-ce355/miniprojects/ps2/oneshot.vhd
    Info (12022): Found design unit 1: oneshot-dd File: C:/Users/joshu/OneDrive/Documents/Masters-Northwestern/Masters_Fall/CE-355/final_tank_game_2/final_tank_game/finalproject-ce355/miniprojects/ps2/oneshot.vhd Line: 14
    Info (12023): Found entity 1: oneshot File: C:/Users/joshu/OneDrive/Documents/Masters-Northwestern/Masters_Fall/CE-355/final_tank_game_2/final_tank_game/finalproject-ce355/miniprojects/ps2/oneshot.vhd Line: 6
Info (12021): Found 2 design units, including 1 entities, in source file /users/joshu/onedrive/documents/masters-northwestern/masters_fall/ce-355/final_tank_game_2/final_tank_game/finalproject-ce355/miniprojects/ps2/keyboard.vhd
    Info (12022): Found design unit 1: keyboard-a File: C:/Users/joshu/OneDrive/Documents/Masters-Northwestern/Masters_Fall/CE-355/final_tank_game_2/final_tank_game/finalproject-ce355/miniprojects/ps2/keyboard.vhd Line: 14
    Info (12023): Found entity 1: keyboard File: C:/Users/joshu/OneDrive/Documents/Masters-Northwestern/Masters_Fall/CE-355/final_tank_game_2/final_tank_game/finalproject-ce355/miniprojects/ps2/keyboard.vhd Line: 6
Info (12021): Found 2 design units, including 1 entities, in source file /users/joshu/onedrive/documents/masters-northwestern/masters_fall/ce-355/final_tank_game_2/final_tank_game/finalproject-ce355/miniprojects/mini_project_vga/vga_sync.vhd
    Info (12022): Found design unit 1: VGA_SYNC-behavioral File: C:/Users/joshu/OneDrive/Documents/Masters-Northwestern/Masters_Fall/CE-355/final_tank_game_2/final_tank_game/finalproject-ce355/miniprojects/Mini_project_vga/vga_sync.vhd Line: 16
    Info (12023): Found entity 1: VGA_SYNC File: C:/Users/joshu/OneDrive/Documents/Masters-Northwestern/Masters_Fall/CE-355/final_tank_game_2/final_tank_game/finalproject-ce355/miniprojects/Mini_project_vga/vga_sync.vhd Line: 7
Info (12021): Found 2 design units, including 1 entities, in source file /users/joshu/onedrive/documents/masters-northwestern/masters_fall/ce-355/final_tank_game_2/final_tank_game/finalproject-ce355/miniprojects/mini_project_vga/colorrom.vhd
    Info (12022): Found design unit 1: colorrom-SYN File: C:/Users/joshu/OneDrive/Documents/Masters-Northwestern/Masters_Fall/CE-355/final_tank_game_2/final_tank_game/finalproject-ce355/miniprojects/Mini_project_vga/colorROM.vhd Line: 52
    Info (12023): Found entity 1: colorROM File: C:/Users/joshu/OneDrive/Documents/Masters-Northwestern/Masters_Fall/CE-355/final_tank_game_2/final_tank_game/finalproject-ce355/miniprojects/Mini_project_vga/colorROM.vhd Line: 42
Info (12021): Found 2 design units, including 1 entities, in source file /users/joshu/onedrive/documents/masters-northwestern/masters_fall/ce-355/final_tank_game_2/final_tank_game/finalproject-ce355/final_project v2/tank_location.vhd
    Info (12022): Found design unit 1: tank_location-behavioral File: C:/Users/joshu/OneDrive/Documents/Masters-Northwestern/Masters_Fall/CE-355/final_tank_game_2/final_tank_game/finalproject-ce355/final_project v2/tank_location.vhd Line: 22
    Info (12023): Found entity 1: tank_location File: C:/Users/joshu/OneDrive/Documents/Masters-Northwestern/Masters_Fall/CE-355/final_tank_game_2/final_tank_game/finalproject-ce355/final_project v2/tank_location.vhd Line: 7
Info (12021): Found 2 design units, including 1 entities, in source file /users/joshu/onedrive/documents/masters-northwestern/masters_fall/ce-355/final_tank_game_2/final_tank_game/finalproject-ce355/final_project v2/pll_counter.vhd
    Info (12022): Found design unit 1: pll_counter-behavioral File: C:/Users/joshu/OneDrive/Documents/Masters-Northwestern/Masters_Fall/CE-355/final_tank_game_2/final_tank_game/finalproject-ce355/final_project v2/pll_counter.vhd Line: 13
    Info (12023): Found entity 1: pll_counter File: C:/Users/joshu/OneDrive/Documents/Masters-Northwestern/Masters_Fall/CE-355/final_tank_game_2/final_tank_game/finalproject-ce355/final_project v2/pll_counter.vhd Line: 5
Info (12021): Found 2 design units, including 1 entities, in source file /users/joshu/onedrive/documents/masters-northwestern/masters_fall/ce-355/final_tank_game_2/final_tank_game/finalproject-ce355/final_project v2/pixelgenerator.vhd
    Info (12022): Found design unit 1: pixelGenerator-behavioral File: C:/Users/joshu/OneDrive/Documents/Masters-Northwestern/Masters_Fall/CE-355/final_tank_game_2/final_tank_game/finalproject-ce355/final_project v2/pixelGenerator.vhd Line: 27
    Info (12023): Found entity 1: pixelGenerator File: C:/Users/joshu/OneDrive/Documents/Masters-Northwestern/Masters_Fall/CE-355/final_tank_game_2/final_tank_game/finalproject-ce355/final_project v2/pixelGenerator.vhd Line: 8
Info (12021): Found 2 design units, including 1 entities, in source file /users/joshu/onedrive/documents/masters-northwestern/masters_fall/ce-355/final_tank_game_2/final_tank_game/finalproject-ce355/final_project v2/leddcd.vhd
    Info (12022): Found design unit 1: leddcd-data_flow File: C:/Users/joshu/OneDrive/Documents/Masters-Northwestern/Masters_Fall/CE-355/final_tank_game_2/final_tank_game/finalproject-ce355/final_project v2/leddcd.vhd Line: 12
    Info (12023): Found entity 1: leddcd File: C:/Users/joshu/OneDrive/Documents/Masters-Northwestern/Masters_Fall/CE-355/final_tank_game_2/final_tank_game/finalproject-ce355/final_project v2/leddcd.vhd Line: 5
Info (12021): Found 2 design units, including 0 entities, in source file /users/joshu/onedrive/documents/masters-northwestern/masters_fall/ce-355/final_tank_game_2/final_tank_game/finalproject-ce355/final_project v2/game_library.vhd
    Info (12022): Found design unit 1: game_library File: C:/Users/joshu/OneDrive/Documents/Masters-Northwestern/Masters_Fall/CE-355/final_tank_game_2/final_tank_game/finalproject-ce355/final_project v2/game_library.vhd Line: 4
    Info (12022): Found design unit 2: game_library-body File: C:/Users/joshu/OneDrive/Documents/Masters-Northwestern/Masters_Fall/CE-355/final_tank_game_2/final_tank_game/finalproject-ce355/final_project v2/game_library.vhd Line: 9
Info (12021): Found 2 design units, including 1 entities, in source file /users/joshu/onedrive/documents/masters-northwestern/masters_fall/ce-355/final_tank_game_2/final_tank_game/finalproject-ce355/final_project v2/de2lcd.vhd
    Info (12022): Found design unit 1: de2lcd-a File: C:/Users/joshu/OneDrive/Documents/Masters-Northwestern/Masters_Fall/CE-355/final_tank_game_2/final_tank_game/finalproject-ce355/final_project v2/de2lcd.vhd Line: 15
    Info (12023): Found entity 1: de2lcd File: C:/Users/joshu/OneDrive/Documents/Masters-Northwestern/Masters_Fall/CE-355/final_tank_game_2/final_tank_game/finalproject-ce355/final_project v2/de2lcd.vhd Line: 6
Info (12021): Found 2 design units, including 1 entities, in source file /users/joshu/onedrive/documents/masters-northwestern/masters_fall/ce-355/final_tank_game_2/final_tank_game/finalproject-ce355/final_project v2/bullet_location.vhd
    Info (12022): Found design unit 1: bullet_location-behavioral File: C:/Users/joshu/OneDrive/Documents/Masters-Northwestern/Masters_Fall/CE-355/final_tank_game_2/final_tank_game/finalproject-ce355/final_project v2/bullet_location.vhd Line: 20
    Info (12023): Found entity 1: bullet_location File: C:/Users/joshu/OneDrive/Documents/Masters-Northwestern/Masters_Fall/CE-355/final_tank_game_2/final_tank_game/finalproject-ce355/final_project v2/bullet_location.vhd Line: 7
Info (12021): Found 2 design units, including 0 entities, in source file /users/joshu/onedrive/documents/masters-northwestern/masters_fall/ce-355/final_tank_game_2/final_tank_game/finalproject-ce355/final_project v2/tank_const.vhd
    Info (12022): Found design unit 1: tank_const File: C:/Users/joshu/OneDrive/Documents/Masters-Northwestern/Masters_Fall/CE-355/final_tank_game_2/final_tank_game/finalproject-ce355/final_project v2/tank_const.vhd Line: 6
    Info (12022): Found design unit 2: tank_const-body File: C:/Users/joshu/OneDrive/Documents/Masters-Northwestern/Masters_Fall/CE-355/final_tank_game_2/final_tank_game/finalproject-ce355/final_project v2/tank_const.vhd Line: 44
Info (12021): Found 2 design units, including 1 entities, in source file tankgame2.vhd
    Info (12022): Found design unit 1: tankgame2-structure File: C:/Users/joshu/OneDrive/Documents/Masters-Northwestern/Masters_Fall/CE-355/final_tank_game_2/final_tank_game/finalproject-ce355/final_project v3/tankgame2.vhd Line: 45
    Info (12023): Found entity 1: tankgame2 File: C:/Users/joshu/OneDrive/Documents/Masters-Northwestern/Masters_Fall/CE-355/final_tank_game_2/final_tank_game/finalproject-ce355/final_project v3/tankgame2.vhd Line: 8
Info (12021): Found 2 design units, including 1 entities, in source file tank_control.vhd
    Info (12022): Found design unit 1: tank_control-fsm File: C:/Users/joshu/OneDrive/Documents/Masters-Northwestern/Masters_Fall/CE-355/final_tank_game_2/final_tank_game/finalproject-ce355/final_project v3/tank_control.vhd Line: 17
    Info (12023): Found entity 1: tank_control File: C:/Users/joshu/OneDrive/Documents/Masters-Northwestern/Masters_Fall/CE-355/final_tank_game_2/final_tank_game/finalproject-ce355/final_project v3/tank_control.vhd Line: 7
Info (12127): Elaborating entity "tank_control" for the top level hierarchy
Warning (10631): VHDL Process Statement warning at tank_control.vhd(28): inferring latch(es) for signal or variable "tank_next_pos", which holds its previous value in one or more paths through the process File: C:/Users/joshu/OneDrive/Documents/Masters-Northwestern/Masters_Fall/CE-355/final_tank_game_2/final_tank_game/finalproject-ce355/final_project v3/tank_control.vhd Line: 28
Warning (10631): VHDL Process Statement warning at tank_control.vhd(28): inferring latch(es) for signal or variable "temp_display", which holds its previous value in one or more paths through the process File: C:/Users/joshu/OneDrive/Documents/Masters-Northwestern/Masters_Fall/CE-355/final_tank_game_2/final_tank_game/finalproject-ce355/final_project v3/tank_control.vhd Line: 28
Info (10041): Inferred latch for "temp_display" at tank_control.vhd(28) File: C:/Users/joshu/OneDrive/Documents/Masters-Northwestern/Masters_Fall/CE-355/final_tank_game_2/final_tank_game/finalproject-ce355/final_project v3/tank_control.vhd Line: 28
Info (10041): Inferred latch for "tank_next_pos[1][0]" at tank_control.vhd(28) File: C:/Users/joshu/OneDrive/Documents/Masters-Northwestern/Masters_Fall/CE-355/final_tank_game_2/final_tank_game/finalproject-ce355/final_project v3/tank_control.vhd Line: 28
Info (10041): Inferred latch for "tank_next_pos[1][1]" at tank_control.vhd(28) File: C:/Users/joshu/OneDrive/Documents/Masters-Northwestern/Masters_Fall/CE-355/final_tank_game_2/final_tank_game/finalproject-ce355/final_project v3/tank_control.vhd Line: 28
Info (10041): Inferred latch for "tank_next_pos[1][2]" at tank_control.vhd(28) File: C:/Users/joshu/OneDrive/Documents/Masters-Northwestern/Masters_Fall/CE-355/final_tank_game_2/final_tank_game/finalproject-ce355/final_project v3/tank_control.vhd Line: 28
Info (10041): Inferred latch for "tank_next_pos[1][3]" at tank_control.vhd(28) File: C:/Users/joshu/OneDrive/Documents/Masters-Northwestern/Masters_Fall/CE-355/final_tank_game_2/final_tank_game/finalproject-ce355/final_project v3/tank_control.vhd Line: 28
Info (10041): Inferred latch for "tank_next_pos[1][4]" at tank_control.vhd(28) File: C:/Users/joshu/OneDrive/Documents/Masters-Northwestern/Masters_Fall/CE-355/final_tank_game_2/final_tank_game/finalproject-ce355/final_project v3/tank_control.vhd Line: 28
Info (10041): Inferred latch for "tank_next_pos[1][5]" at tank_control.vhd(28) File: C:/Users/joshu/OneDrive/Documents/Masters-Northwestern/Masters_Fall/CE-355/final_tank_game_2/final_tank_game/finalproject-ce355/final_project v3/tank_control.vhd Line: 28
Info (10041): Inferred latch for "tank_next_pos[1][6]" at tank_control.vhd(28) File: C:/Users/joshu/OneDrive/Documents/Masters-Northwestern/Masters_Fall/CE-355/final_tank_game_2/final_tank_game/finalproject-ce355/final_project v3/tank_control.vhd Line: 28
Info (10041): Inferred latch for "tank_next_pos[1][7]" at tank_control.vhd(28) File: C:/Users/joshu/OneDrive/Documents/Masters-Northwestern/Masters_Fall/CE-355/final_tank_game_2/final_tank_game/finalproject-ce355/final_project v3/tank_control.vhd Line: 28
Info (10041): Inferred latch for "tank_next_pos[1][8]" at tank_control.vhd(28) File: C:/Users/joshu/OneDrive/Documents/Masters-Northwestern/Masters_Fall/CE-355/final_tank_game_2/final_tank_game/finalproject-ce355/final_project v3/tank_control.vhd Line: 28
Info (10041): Inferred latch for "tank_next_pos[1][9]" at tank_control.vhd(28) File: C:/Users/joshu/OneDrive/Documents/Masters-Northwestern/Masters_Fall/CE-355/final_tank_game_2/final_tank_game/finalproject-ce355/final_project v3/tank_control.vhd Line: 28
Info (10041): Inferred latch for "tank_next_pos[1][10]" at tank_control.vhd(28) File: C:/Users/joshu/OneDrive/Documents/Masters-Northwestern/Masters_Fall/CE-355/final_tank_game_2/final_tank_game/finalproject-ce355/final_project v3/tank_control.vhd Line: 28
Info (10041): Inferred latch for "tank_next_pos[1][11]" at tank_control.vhd(28) File: C:/Users/joshu/OneDrive/Documents/Masters-Northwestern/Masters_Fall/CE-355/final_tank_game_2/final_tank_game/finalproject-ce355/final_project v3/tank_control.vhd Line: 28
Info (10041): Inferred latch for "tank_next_pos[1][12]" at tank_control.vhd(28) File: C:/Users/joshu/OneDrive/Documents/Masters-Northwestern/Masters_Fall/CE-355/final_tank_game_2/final_tank_game/finalproject-ce355/final_project v3/tank_control.vhd Line: 28
Info (10041): Inferred latch for "tank_next_pos[1][13]" at tank_control.vhd(28) File: C:/Users/joshu/OneDrive/Documents/Masters-Northwestern/Masters_Fall/CE-355/final_tank_game_2/final_tank_game/finalproject-ce355/final_project v3/tank_control.vhd Line: 28
Info (10041): Inferred latch for "tank_next_pos[1][14]" at tank_control.vhd(28) File: C:/Users/joshu/OneDrive/Documents/Masters-Northwestern/Masters_Fall/CE-355/final_tank_game_2/final_tank_game/finalproject-ce355/final_project v3/tank_control.vhd Line: 28
Info (10041): Inferred latch for "tank_next_pos[1][15]" at tank_control.vhd(28) File: C:/Users/joshu/OneDrive/Documents/Masters-Northwestern/Masters_Fall/CE-355/final_tank_game_2/final_tank_game/finalproject-ce355/final_project v3/tank_control.vhd Line: 28
Info (10041): Inferred latch for "tank_next_pos[1][16]" at tank_control.vhd(28) File: C:/Users/joshu/OneDrive/Documents/Masters-Northwestern/Masters_Fall/CE-355/final_tank_game_2/final_tank_game/finalproject-ce355/final_project v3/tank_control.vhd Line: 28
Info (10041): Inferred latch for "tank_next_pos[1][17]" at tank_control.vhd(28) File: C:/Users/joshu/OneDrive/Documents/Masters-Northwestern/Masters_Fall/CE-355/final_tank_game_2/final_tank_game/finalproject-ce355/final_project v3/tank_control.vhd Line: 28
Info (10041): Inferred latch for "tank_next_pos[1][18]" at tank_control.vhd(28) File: C:/Users/joshu/OneDrive/Documents/Masters-Northwestern/Masters_Fall/CE-355/final_tank_game_2/final_tank_game/finalproject-ce355/final_project v3/tank_control.vhd Line: 28
Info (10041): Inferred latch for "tank_next_pos[1][19]" at tank_control.vhd(28) File: C:/Users/joshu/OneDrive/Documents/Masters-Northwestern/Masters_Fall/CE-355/final_tank_game_2/final_tank_game/finalproject-ce355/final_project v3/tank_control.vhd Line: 28
Info (10041): Inferred latch for "tank_next_pos[1][20]" at tank_control.vhd(28) File: C:/Users/joshu/OneDrive/Documents/Masters-Northwestern/Masters_Fall/CE-355/final_tank_game_2/final_tank_game/finalproject-ce355/final_project v3/tank_control.vhd Line: 28
Info (10041): Inferred latch for "tank_next_pos[1][21]" at tank_control.vhd(28) File: C:/Users/joshu/OneDrive/Documents/Masters-Northwestern/Masters_Fall/CE-355/final_tank_game_2/final_tank_game/finalproject-ce355/final_project v3/tank_control.vhd Line: 28
Info (10041): Inferred latch for "tank_next_pos[1][22]" at tank_control.vhd(28) File: C:/Users/joshu/OneDrive/Documents/Masters-Northwestern/Masters_Fall/CE-355/final_tank_game_2/final_tank_game/finalproject-ce355/final_project v3/tank_control.vhd Line: 28
Info (10041): Inferred latch for "tank_next_pos[1][23]" at tank_control.vhd(28) File: C:/Users/joshu/OneDrive/Documents/Masters-Northwestern/Masters_Fall/CE-355/final_tank_game_2/final_tank_game/finalproject-ce355/final_project v3/tank_control.vhd Line: 28
Info (10041): Inferred latch for "tank_next_pos[1][24]" at tank_control.vhd(28) File: C:/Users/joshu/OneDrive/Documents/Masters-Northwestern/Masters_Fall/CE-355/final_tank_game_2/final_tank_game/finalproject-ce355/final_project v3/tank_control.vhd Line: 28
Info (10041): Inferred latch for "tank_next_pos[1][25]" at tank_control.vhd(28) File: C:/Users/joshu/OneDrive/Documents/Masters-Northwestern/Masters_Fall/CE-355/final_tank_game_2/final_tank_game/finalproject-ce355/final_project v3/tank_control.vhd Line: 28
Info (10041): Inferred latch for "tank_next_pos[1][26]" at tank_control.vhd(28) File: C:/Users/joshu/OneDrive/Documents/Masters-Northwestern/Masters_Fall/CE-355/final_tank_game_2/final_tank_game/finalproject-ce355/final_project v3/tank_control.vhd Line: 28
Info (10041): Inferred latch for "tank_next_pos[1][27]" at tank_control.vhd(28) File: C:/Users/joshu/OneDrive/Documents/Masters-Northwestern/Masters_Fall/CE-355/final_tank_game_2/final_tank_game/finalproject-ce355/final_project v3/tank_control.vhd Line: 28
Info (10041): Inferred latch for "tank_next_pos[1][28]" at tank_control.vhd(28) File: C:/Users/joshu/OneDrive/Documents/Masters-Northwestern/Masters_Fall/CE-355/final_tank_game_2/final_tank_game/finalproject-ce355/final_project v3/tank_control.vhd Line: 28
Info (10041): Inferred latch for "tank_next_pos[1][29]" at tank_control.vhd(28) File: C:/Users/joshu/OneDrive/Documents/Masters-Northwestern/Masters_Fall/CE-355/final_tank_game_2/final_tank_game/finalproject-ce355/final_project v3/tank_control.vhd Line: 28
Info (10041): Inferred latch for "tank_next_pos[1][30]" at tank_control.vhd(28) File: C:/Users/joshu/OneDrive/Documents/Masters-Northwestern/Masters_Fall/CE-355/final_tank_game_2/final_tank_game/finalproject-ce355/final_project v3/tank_control.vhd Line: 28
Info (10041): Inferred latch for "tank_next_pos[1][31]" at tank_control.vhd(28) File: C:/Users/joshu/OneDrive/Documents/Masters-Northwestern/Masters_Fall/CE-355/final_tank_game_2/final_tank_game/finalproject-ce355/final_project v3/tank_control.vhd Line: 28
Info (10041): Inferred latch for "tank_next_pos[0][0]" at tank_control.vhd(28) File: C:/Users/joshu/OneDrive/Documents/Masters-Northwestern/Masters_Fall/CE-355/final_tank_game_2/final_tank_game/finalproject-ce355/final_project v3/tank_control.vhd Line: 28
Info (10041): Inferred latch for "tank_next_pos[0][1]" at tank_control.vhd(28) File: C:/Users/joshu/OneDrive/Documents/Masters-Northwestern/Masters_Fall/CE-355/final_tank_game_2/final_tank_game/finalproject-ce355/final_project v3/tank_control.vhd Line: 28
Info (10041): Inferred latch for "tank_next_pos[0][2]" at tank_control.vhd(28) File: C:/Users/joshu/OneDrive/Documents/Masters-Northwestern/Masters_Fall/CE-355/final_tank_game_2/final_tank_game/finalproject-ce355/final_project v3/tank_control.vhd Line: 28
Info (10041): Inferred latch for "tank_next_pos[0][3]" at tank_control.vhd(28) File: C:/Users/joshu/OneDrive/Documents/Masters-Northwestern/Masters_Fall/CE-355/final_tank_game_2/final_tank_game/finalproject-ce355/final_project v3/tank_control.vhd Line: 28
Info (10041): Inferred latch for "tank_next_pos[0][4]" at tank_control.vhd(28) File: C:/Users/joshu/OneDrive/Documents/Masters-Northwestern/Masters_Fall/CE-355/final_tank_game_2/final_tank_game/finalproject-ce355/final_project v3/tank_control.vhd Line: 28
Info (10041): Inferred latch for "tank_next_pos[0][5]" at tank_control.vhd(28) File: C:/Users/joshu/OneDrive/Documents/Masters-Northwestern/Masters_Fall/CE-355/final_tank_game_2/final_tank_game/finalproject-ce355/final_project v3/tank_control.vhd Line: 28
Info (10041): Inferred latch for "tank_next_pos[0][6]" at tank_control.vhd(28) File: C:/Users/joshu/OneDrive/Documents/Masters-Northwestern/Masters_Fall/CE-355/final_tank_game_2/final_tank_game/finalproject-ce355/final_project v3/tank_control.vhd Line: 28
Info (10041): Inferred latch for "tank_next_pos[0][7]" at tank_control.vhd(28) File: C:/Users/joshu/OneDrive/Documents/Masters-Northwestern/Masters_Fall/CE-355/final_tank_game_2/final_tank_game/finalproject-ce355/final_project v3/tank_control.vhd Line: 28
Info (10041): Inferred latch for "tank_next_pos[0][8]" at tank_control.vhd(28) File: C:/Users/joshu/OneDrive/Documents/Masters-Northwestern/Masters_Fall/CE-355/final_tank_game_2/final_tank_game/finalproject-ce355/final_project v3/tank_control.vhd Line: 28
Info (10041): Inferred latch for "tank_next_pos[0][9]" at tank_control.vhd(28) File: C:/Users/joshu/OneDrive/Documents/Masters-Northwestern/Masters_Fall/CE-355/final_tank_game_2/final_tank_game/finalproject-ce355/final_project v3/tank_control.vhd Line: 28
Info (10041): Inferred latch for "tank_next_pos[0][10]" at tank_control.vhd(28) File: C:/Users/joshu/OneDrive/Documents/Masters-Northwestern/Masters_Fall/CE-355/final_tank_game_2/final_tank_game/finalproject-ce355/final_project v3/tank_control.vhd Line: 28
Info (10041): Inferred latch for "tank_next_pos[0][11]" at tank_control.vhd(28) File: C:/Users/joshu/OneDrive/Documents/Masters-Northwestern/Masters_Fall/CE-355/final_tank_game_2/final_tank_game/finalproject-ce355/final_project v3/tank_control.vhd Line: 28
Info (10041): Inferred latch for "tank_next_pos[0][12]" at tank_control.vhd(28) File: C:/Users/joshu/OneDrive/Documents/Masters-Northwestern/Masters_Fall/CE-355/final_tank_game_2/final_tank_game/finalproject-ce355/final_project v3/tank_control.vhd Line: 28
Info (10041): Inferred latch for "tank_next_pos[0][13]" at tank_control.vhd(28) File: C:/Users/joshu/OneDrive/Documents/Masters-Northwestern/Masters_Fall/CE-355/final_tank_game_2/final_tank_game/finalproject-ce355/final_project v3/tank_control.vhd Line: 28
Info (10041): Inferred latch for "tank_next_pos[0][14]" at tank_control.vhd(28) File: C:/Users/joshu/OneDrive/Documents/Masters-Northwestern/Masters_Fall/CE-355/final_tank_game_2/final_tank_game/finalproject-ce355/final_project v3/tank_control.vhd Line: 28
Info (10041): Inferred latch for "tank_next_pos[0][15]" at tank_control.vhd(28) File: C:/Users/joshu/OneDrive/Documents/Masters-Northwestern/Masters_Fall/CE-355/final_tank_game_2/final_tank_game/finalproject-ce355/final_project v3/tank_control.vhd Line: 28
Info (10041): Inferred latch for "tank_next_pos[0][16]" at tank_control.vhd(28) File: C:/Users/joshu/OneDrive/Documents/Masters-Northwestern/Masters_Fall/CE-355/final_tank_game_2/final_tank_game/finalproject-ce355/final_project v3/tank_control.vhd Line: 28
Info (10041): Inferred latch for "tank_next_pos[0][17]" at tank_control.vhd(28) File: C:/Users/joshu/OneDrive/Documents/Masters-Northwestern/Masters_Fall/CE-355/final_tank_game_2/final_tank_game/finalproject-ce355/final_project v3/tank_control.vhd Line: 28
Info (10041): Inferred latch for "tank_next_pos[0][18]" at tank_control.vhd(28) File: C:/Users/joshu/OneDrive/Documents/Masters-Northwestern/Masters_Fall/CE-355/final_tank_game_2/final_tank_game/finalproject-ce355/final_project v3/tank_control.vhd Line: 28
Info (10041): Inferred latch for "tank_next_pos[0][19]" at tank_control.vhd(28) File: C:/Users/joshu/OneDrive/Documents/Masters-Northwestern/Masters_Fall/CE-355/final_tank_game_2/final_tank_game/finalproject-ce355/final_project v3/tank_control.vhd Line: 28
Info (10041): Inferred latch for "tank_next_pos[0][20]" at tank_control.vhd(28) File: C:/Users/joshu/OneDrive/Documents/Masters-Northwestern/Masters_Fall/CE-355/final_tank_game_2/final_tank_game/finalproject-ce355/final_project v3/tank_control.vhd Line: 28
Info (10041): Inferred latch for "tank_next_pos[0][21]" at tank_control.vhd(28) File: C:/Users/joshu/OneDrive/Documents/Masters-Northwestern/Masters_Fall/CE-355/final_tank_game_2/final_tank_game/finalproject-ce355/final_project v3/tank_control.vhd Line: 28
Info (10041): Inferred latch for "tank_next_pos[0][22]" at tank_control.vhd(28) File: C:/Users/joshu/OneDrive/Documents/Masters-Northwestern/Masters_Fall/CE-355/final_tank_game_2/final_tank_game/finalproject-ce355/final_project v3/tank_control.vhd Line: 28
Info (10041): Inferred latch for "tank_next_pos[0][23]" at tank_control.vhd(28) File: C:/Users/joshu/OneDrive/Documents/Masters-Northwestern/Masters_Fall/CE-355/final_tank_game_2/final_tank_game/finalproject-ce355/final_project v3/tank_control.vhd Line: 28
Info (10041): Inferred latch for "tank_next_pos[0][24]" at tank_control.vhd(28) File: C:/Users/joshu/OneDrive/Documents/Masters-Northwestern/Masters_Fall/CE-355/final_tank_game_2/final_tank_game/finalproject-ce355/final_project v3/tank_control.vhd Line: 28
Info (10041): Inferred latch for "tank_next_pos[0][25]" at tank_control.vhd(28) File: C:/Users/joshu/OneDrive/Documents/Masters-Northwestern/Masters_Fall/CE-355/final_tank_game_2/final_tank_game/finalproject-ce355/final_project v3/tank_control.vhd Line: 28
Info (10041): Inferred latch for "tank_next_pos[0][26]" at tank_control.vhd(28) File: C:/Users/joshu/OneDrive/Documents/Masters-Northwestern/Masters_Fall/CE-355/final_tank_game_2/final_tank_game/finalproject-ce355/final_project v3/tank_control.vhd Line: 28
Info (10041): Inferred latch for "tank_next_pos[0][27]" at tank_control.vhd(28) File: C:/Users/joshu/OneDrive/Documents/Masters-Northwestern/Masters_Fall/CE-355/final_tank_game_2/final_tank_game/finalproject-ce355/final_project v3/tank_control.vhd Line: 28
Info (10041): Inferred latch for "tank_next_pos[0][28]" at tank_control.vhd(28) File: C:/Users/joshu/OneDrive/Documents/Masters-Northwestern/Masters_Fall/CE-355/final_tank_game_2/final_tank_game/finalproject-ce355/final_project v3/tank_control.vhd Line: 28
Info (10041): Inferred latch for "tank_next_pos[0][29]" at tank_control.vhd(28) File: C:/Users/joshu/OneDrive/Documents/Masters-Northwestern/Masters_Fall/CE-355/final_tank_game_2/final_tank_game/finalproject-ce355/final_project v3/tank_control.vhd Line: 28
Info (10041): Inferred latch for "tank_next_pos[0][30]" at tank_control.vhd(28) File: C:/Users/joshu/OneDrive/Documents/Masters-Northwestern/Masters_Fall/CE-355/final_tank_game_2/final_tank_game/finalproject-ce355/final_project v3/tank_control.vhd Line: 28
Info (10041): Inferred latch for "tank_next_pos[0][31]" at tank_control.vhd(28) File: C:/Users/joshu/OneDrive/Documents/Masters-Northwestern/Masters_Fall/CE-355/final_tank_game_2/final_tank_game/finalproject-ce355/final_project v3/tank_control.vhd Line: 28
Error (10028): Can't resolve multiple constant drivers for net "tank_next_pos[0][31]" at tank_control.vhd(51) File: C:/Users/joshu/OneDrive/Documents/Masters-Northwestern/Masters_Fall/CE-355/final_tank_game_2/final_tank_game/finalproject-ce355/final_project v3/tank_control.vhd Line: 51
Error (10029): Constant driver at tank_control.vhd(28) File: C:/Users/joshu/OneDrive/Documents/Masters-Northwestern/Masters_Fall/CE-355/final_tank_game_2/final_tank_game/finalproject-ce355/final_project v3/tank_control.vhd Line: 28
Error (10028): Can't resolve multiple constant drivers for net "tank_next_pos[0][30]" at tank_control.vhd(51) File: C:/Users/joshu/OneDrive/Documents/Masters-Northwestern/Masters_Fall/CE-355/final_tank_game_2/final_tank_game/finalproject-ce355/final_project v3/tank_control.vhd Line: 51
Error (10028): Can't resolve multiple constant drivers for net "tank_next_pos[0][29]" at tank_control.vhd(51) File: C:/Users/joshu/OneDrive/Documents/Masters-Northwestern/Masters_Fall/CE-355/final_tank_game_2/final_tank_game/finalproject-ce355/final_project v3/tank_control.vhd Line: 51
Error (10028): Can't resolve multiple constant drivers for net "tank_next_pos[0][28]" at tank_control.vhd(51) File: C:/Users/joshu/OneDrive/Documents/Masters-Northwestern/Masters_Fall/CE-355/final_tank_game_2/final_tank_game/finalproject-ce355/final_project v3/tank_control.vhd Line: 51
Error (10028): Can't resolve multiple constant drivers for net "tank_next_pos[0][27]" at tank_control.vhd(51) File: C:/Users/joshu/OneDrive/Documents/Masters-Northwestern/Masters_Fall/CE-355/final_tank_game_2/final_tank_game/finalproject-ce355/final_project v3/tank_control.vhd Line: 51
Error (10028): Can't resolve multiple constant drivers for net "tank_next_pos[0][26]" at tank_control.vhd(51) File: C:/Users/joshu/OneDrive/Documents/Masters-Northwestern/Masters_Fall/CE-355/final_tank_game_2/final_tank_game/finalproject-ce355/final_project v3/tank_control.vhd Line: 51
Error (10028): Can't resolve multiple constant drivers for net "tank_next_pos[0][25]" at tank_control.vhd(51) File: C:/Users/joshu/OneDrive/Documents/Masters-Northwestern/Masters_Fall/CE-355/final_tank_game_2/final_tank_game/finalproject-ce355/final_project v3/tank_control.vhd Line: 51
Error (10028): Can't resolve multiple constant drivers for net "tank_next_pos[0][24]" at tank_control.vhd(51) File: C:/Users/joshu/OneDrive/Documents/Masters-Northwestern/Masters_Fall/CE-355/final_tank_game_2/final_tank_game/finalproject-ce355/final_project v3/tank_control.vhd Line: 51
Error (10028): Can't resolve multiple constant drivers for net "tank_next_pos[0][23]" at tank_control.vhd(51) File: C:/Users/joshu/OneDrive/Documents/Masters-Northwestern/Masters_Fall/CE-355/final_tank_game_2/final_tank_game/finalproject-ce355/final_project v3/tank_control.vhd Line: 51
Error (10028): Can't resolve multiple constant drivers for net "tank_next_pos[0][22]" at tank_control.vhd(51) File: C:/Users/joshu/OneDrive/Documents/Masters-Northwestern/Masters_Fall/CE-355/final_tank_game_2/final_tank_game/finalproject-ce355/final_project v3/tank_control.vhd Line: 51
Error (10028): Can't resolve multiple constant drivers for net "tank_next_pos[0][21]" at tank_control.vhd(51) File: C:/Users/joshu/OneDrive/Documents/Masters-Northwestern/Masters_Fall/CE-355/final_tank_game_2/final_tank_game/finalproject-ce355/final_project v3/tank_control.vhd Line: 51
Error (10028): Can't resolve multiple constant drivers for net "tank_next_pos[0][20]" at tank_control.vhd(51) File: C:/Users/joshu/OneDrive/Documents/Masters-Northwestern/Masters_Fall/CE-355/final_tank_game_2/final_tank_game/finalproject-ce355/final_project v3/tank_control.vhd Line: 51
Error (10028): Can't resolve multiple constant drivers for net "tank_next_pos[0][19]" at tank_control.vhd(51) File: C:/Users/joshu/OneDrive/Documents/Masters-Northwestern/Masters_Fall/CE-355/final_tank_game_2/final_tank_game/finalproject-ce355/final_project v3/tank_control.vhd Line: 51
Error (10028): Can't resolve multiple constant drivers for net "tank_next_pos[0][18]" at tank_control.vhd(51) File: C:/Users/joshu/OneDrive/Documents/Masters-Northwestern/Masters_Fall/CE-355/final_tank_game_2/final_tank_game/finalproject-ce355/final_project v3/tank_control.vhd Line: 51
Error (10028): Can't resolve multiple constant drivers for net "tank_next_pos[0][17]" at tank_control.vhd(51) File: C:/Users/joshu/OneDrive/Documents/Masters-Northwestern/Masters_Fall/CE-355/final_tank_game_2/final_tank_game/finalproject-ce355/final_project v3/tank_control.vhd Line: 51
Error (10028): Can't resolve multiple constant drivers for net "tank_next_pos[0][16]" at tank_control.vhd(51) File: C:/Users/joshu/OneDrive/Documents/Masters-Northwestern/Masters_Fall/CE-355/final_tank_game_2/final_tank_game/finalproject-ce355/final_project v3/tank_control.vhd Line: 51
Error (10028): Can't resolve multiple constant drivers for net "tank_next_pos[0][15]" at tank_control.vhd(51) File: C:/Users/joshu/OneDrive/Documents/Masters-Northwestern/Masters_Fall/CE-355/final_tank_game_2/final_tank_game/finalproject-ce355/final_project v3/tank_control.vhd Line: 51
Error (10028): Can't resolve multiple constant drivers for net "tank_next_pos[0][14]" at tank_control.vhd(51) File: C:/Users/joshu/OneDrive/Documents/Masters-Northwestern/Masters_Fall/CE-355/final_tank_game_2/final_tank_game/finalproject-ce355/final_project v3/tank_control.vhd Line: 51
Error (12153): Can't elaborate top-level user hierarchy
Error: Quartus Prime Analysis & Synthesis was unsuccessful. 20 errors, 3 warnings
    Error: Peak virtual memory: 4785 megabytes
    Error: Processing ended: Thu Dec  5 11:40:33 2024
    Error: Elapsed time: 00:00:12
    Error: Total CPU time (on all processors): 00:00:30


