Analysis & Synthesis report for tank_game
Mon Dec  2 11:31:41 2024
Quartus Prime Version 23.1std.1 Build 993 05/14/2024 SC Standard Edition


---------------------
; Table of Contents ;
---------------------
  1. Legal Notice
  2. Analysis & Synthesis Summary
  3. Analysis & Synthesis Settings
  4. Parallel Compilation
  5. Analysis & Synthesis Source Files Read
  6. Analysis & Synthesis Resource Usage Summary
  7. Analysis & Synthesis Resource Utilization by Entity
  8. Analysis & Synthesis RAM Summary
  9. Registers Removed During Synthesis
 10. General Register Statistics
 11. Inverted Register Statistics
 12. Multiplexer Restructuring Statistics (Restructuring Performed)
 13. Source assignments for pixelGenerator:videoGen|colorROM:colors|altsyncram:altsyncram_component|altsyncram_e481:auto_generated
 14. Parameter Settings for User Entity Instance: pixelGenerator:videoGen|colorROM:colors|altsyncram:altsyncram_component
 15. altsyncram Parameter Settings by Entity Instance
 16. Port Connectivity Checks: "pixelGenerator:videoGen|tank_shape:shape_inst"
 17. Port Connectivity Checks: "pixelGenerator:videoGen|tank_mover:mover_inst"
 18. Post-Synthesis Netlist Statistics for Top Partition
 19. Elapsed Time Per Partition
 20. Analysis & Synthesis Messages



----------------
; Legal Notice ;
----------------
Copyright (C) 2024  Intel Corporation. All rights reserved.
Your use of Intel Corporation's design tools, logic functions 
and other software and tools, and any partner logic 
functions, and any output files from any of the foregoing 
(including device programming or simulation files), and any 
associated documentation or information are expressly subject 
to the terms and conditions of the Intel Program License 
Subscription Agreement, the Intel Quartus Prime License Agreement,
the Intel FPGA IP License Agreement, or other applicable license
agreement, including, without limitation, that your use is for
the sole purpose of programming logic devices manufactured by
Intel and sold by Intel or its authorized distributors.  Please
refer to the applicable agreement for further details, at
https://fpgasoftware.intel.com/eula.



+-----------------------------------------------------------------------------------------+
; Analysis & Synthesis Summary                                                            ;
+------------------------------------+----------------------------------------------------+
; Analysis & Synthesis Status        ; Successful - Mon Dec  2 11:31:41 2024              ;
; Quartus Prime Version              ; 23.1std.1 Build 993 05/14/2024 SC Standard Edition ;
; Revision Name                      ; tank_game                                          ;
; Top-level Entity Name              ; tank_game                                          ;
; Family                             ; Cyclone IV E                                       ;
; Total logic elements               ; 254                                                ;
;     Total combinational functions  ; 233                                                ;
;     Dedicated logic registers      ; 99                                                 ;
; Total registers                    ; 99                                                 ;
; Total pins                         ; 30                                                 ;
; Total virtual pins                 ; 0                                                  ;
; Total memory bits                  ; 192                                                ;
; Embedded Multiplier 9-bit elements ; 0                                                  ;
; Total PLLs                         ; 0                                                  ;
+------------------------------------+----------------------------------------------------+


+------------------------------------------------------------------------------------------------------------+
; Analysis & Synthesis Settings                                                                              ;
+------------------------------------------------------------------+--------------------+--------------------+
; Option                                                           ; Setting            ; Default Value      ;
+------------------------------------------------------------------+--------------------+--------------------+
; Device                                                           ; EP4CE115F29C7      ;                    ;
; Top-level entity name                                            ; tank_game          ; tank_game          ;
; Family name                                                      ; Cyclone IV E       ; Cyclone V          ;
; Use smart compilation                                            ; Off                ; Off                ;
; Enable parallel Assembler and Timing Analyzer during compilation ; On                 ; On                 ;
; Enable compact report table                                      ; Off                ; Off                ;
; Restructure Multiplexers                                         ; Auto               ; Auto               ;
; Create Debugging Nodes for IP Cores                              ; Off                ; Off                ;
; Preserve fewer node names                                        ; On                 ; On                 ;
; Intel FPGA IP Evaluation Mode                                    ; Enable             ; Enable             ;
; Verilog Version                                                  ; Verilog_2001       ; Verilog_2001       ;
; VHDL Version                                                     ; VHDL_1993          ; VHDL_1993          ;
; State Machine Processing                                         ; Auto               ; Auto               ;
; Safe State Machine                                               ; Off                ; Off                ;
; Extract Verilog State Machines                                   ; On                 ; On                 ;
; Extract VHDL State Machines                                      ; On                 ; On                 ;
; Ignore Verilog initial constructs                                ; Off                ; Off                ;
; Iteration limit for constant Verilog loops                       ; 5000               ; 5000               ;
; Iteration limit for non-constant Verilog loops                   ; 250                ; 250                ;
; Add Pass-Through Logic to Inferred RAMs                          ; On                 ; On                 ;
; Infer RAMs from Raw Logic                                        ; On                 ; On                 ;
; Parallel Synthesis                                               ; On                 ; On                 ;
; DSP Block Balancing                                              ; Auto               ; Auto               ;
; NOT Gate Push-Back                                               ; On                 ; On                 ;
; Power-Up Don't Care                                              ; On                 ; On                 ;
; Remove Redundant Logic Cells                                     ; Off                ; Off                ;
; Remove Duplicate Registers                                       ; On                 ; On                 ;
; Ignore CARRY Buffers                                             ; Off                ; Off                ;
; Ignore CASCADE Buffers                                           ; Off                ; Off                ;
; Ignore GLOBAL Buffers                                            ; Off                ; Off                ;
; Ignore ROW GLOBAL Buffers                                        ; Off                ; Off                ;
; Ignore LCELL Buffers                                             ; Off                ; Off                ;
; Ignore SOFT Buffers                                              ; On                 ; On                 ;
; Limit AHDL Integers to 32 Bits                                   ; Off                ; Off                ;
; Optimization Technique                                           ; Balanced           ; Balanced           ;
; Carry Chain Length                                               ; 70                 ; 70                 ;
; Auto Carry Chains                                                ; On                 ; On                 ;
; Auto Open-Drain Pins                                             ; On                 ; On                 ;
; Perform WYSIWYG Primitive Resynthesis                            ; Off                ; Off                ;
; Auto ROM Replacement                                             ; On                 ; On                 ;
; Auto RAM Replacement                                             ; On                 ; On                 ;
; Auto DSP Block Replacement                                       ; On                 ; On                 ;
; Auto Shift Register Replacement                                  ; Auto               ; Auto               ;
; Allow Shift Register Merging across Hierarchies                  ; Auto               ; Auto               ;
; Auto Clock Enable Replacement                                    ; On                 ; On                 ;
; Strict RAM Replacement                                           ; Off                ; Off                ;
; Allow Synchronous Control Signals                                ; On                 ; On                 ;
; Force Use of Synchronous Clear Signals                           ; Off                ; Off                ;
; Auto RAM Block Balancing                                         ; On                 ; On                 ;
; Auto RAM to Logic Cell Conversion                                ; Off                ; Off                ;
; Auto Resource Sharing                                            ; Off                ; Off                ;
; Allow Any RAM Size For Recognition                               ; Off                ; Off                ;
; Allow Any ROM Size For Recognition                               ; Off                ; Off                ;
; Allow Any Shift Register Size For Recognition                    ; Off                ; Off                ;
; Use LogicLock Constraints during Resource Balancing              ; On                 ; On                 ;
; Ignore translate_off and synthesis_off directives                ; Off                ; Off                ;
; Timing-Driven Synthesis                                          ; On                 ; On                 ;
; Report Parameter Settings                                        ; On                 ; On                 ;
; Report Source Assignments                                        ; On                 ; On                 ;
; Report Connectivity Checks                                       ; On                 ; On                 ;
; Ignore Maximum Fan-Out Assignments                               ; Off                ; Off                ;
; Synchronization Register Chain Length                            ; 2                  ; 2                  ;
; Power Optimization During Synthesis                              ; Normal compilation ; Normal compilation ;
; HDL message level                                                ; Level2             ; Level2             ;
; Suppress Register Optimization Related Messages                  ; Off                ; Off                ;
; Number of Removed Registers Reported in Synthesis Report         ; 5000               ; 5000               ;
; Number of Swept Nodes Reported in Synthesis Report               ; 5000               ; 5000               ;
; Number of Inverted Registers Reported in Synthesis Report        ; 100                ; 100                ;
; Clock MUX Protection                                             ; On                 ; On                 ;
; Auto Gated Clock Conversion                                      ; Off                ; Off                ;
; Block Design Naming                                              ; Auto               ; Auto               ;
; SDC constraint protection                                        ; Off                ; Off                ;
; Synthesis Effort                                                 ; Auto               ; Auto               ;
; Shift Register Replacement - Allow Asynchronous Clear Signal     ; On                 ; On                 ;
; Pre-Mapping Resynthesis Optimization                             ; Off                ; Off                ;
; Analysis & Synthesis Message Level                               ; Medium             ; Medium             ;
; Disable Register Merging Across Hierarchies                      ; Auto               ; Auto               ;
; Resource Aware Inference For Block RAM                           ; On                 ; On                 ;
+------------------------------------------------------------------+--------------------+--------------------+


+------------------------------------------+
; Parallel Compilation                     ;
+----------------------------+-------------+
; Processors                 ; Number      ;
+----------------------------+-------------+
; Number detected on machine ; 12          ;
; Maximum allowed            ; 6           ;
;                            ;             ;
; Average used               ; 1.00        ;
; Maximum used               ; 6           ;
;                            ;             ;
; Usage by Processor         ; % Time Used ;
;     Processor 1            ; 100.0%      ;
;     Processors 2-6         ;   0.0%      ;
+----------------------------+-------------+


+---------------------------------------------------------------------------------------------------------------------------------------------------------------------------------------------------------------------------------------------------------------+
; Analysis & Synthesis Source Files Read                                                                                                                                                                                                                        ;
+-----------------------------------------------+-----------------+----------------------------------------+------------------------------------------------------------------------------------------------------------------------------------------+---------+
; File Name with User-Entered Path              ; Used in Netlist ; File Type                              ; File Name with Absolute Path                                                                                                             ; Library ;
+-----------------------------------------------+-----------------+----------------------------------------+------------------------------------------------------------------------------------------------------------------------------------------+---------+
; ../miniprojects/Mini_project_vga/vga_sync.vhd ; yes             ; User VHDL File                         ; C:/Users/joshu/OneDrive/Documents/Masters-Northwestern/Masters_Fall/CE-355/finalproject-ce355/miniprojects/Mini_project_vga/vga_sync.vhd ;         ;
; ../miniprojects/Mini_project_vga/colorROM.vhd ; yes             ; User Wizard-Generated File             ; C:/Users/joshu/OneDrive/Documents/Masters-Northwestern/Masters_Fall/CE-355/finalproject-ce355/miniprojects/Mini_project_vga/colorROM.vhd ;         ;
; ../tank_testing/tank_const.vhd                ; yes             ; User VHDL File                         ; C:/Users/joshu/OneDrive/Documents/Masters-Northwestern/Masters_Fall/CE-355/finalproject-ce355/tank_testing/tank_const.vhd                ;         ;
; ../tank_testing/pll_counter.vhd               ; yes             ; User VHDL File                         ; C:/Users/joshu/OneDrive/Documents/Masters-Northwestern/Masters_Fall/CE-355/finalproject-ce355/tank_testing/pll_counter.vhd               ;         ;
; tank_game.vhd                                 ; yes             ; User VHDL File                         ; C:/Users/joshu/OneDrive/Documents/Masters-Northwestern/Masters_Fall/CE-355/finalproject-ce355/final_project/tank_game.vhd                ;         ;
; pixelGenerator.vhd                            ; yes             ; User VHDL File                         ; C:/Users/joshu/OneDrive/Documents/Masters-Northwestern/Masters_Fall/CE-355/finalproject-ce355/final_project/pixelGenerator.vhd           ;         ;
; tank_mover.vhd                                ; yes             ; User VHDL File                         ; C:/Users/joshu/OneDrive/Documents/Masters-Northwestern/Masters_Fall/CE-355/finalproject-ce355/final_project/tank_mover.vhd               ;         ;
; tank_shape.vhd                                ; yes             ; User VHDL File                         ; C:/Users/joshu/OneDrive/Documents/Masters-Northwestern/Masters_Fall/CE-355/finalproject-ce355/final_project/tank_shape.vhd               ;         ;
; color_constants.vhd                           ; yes             ; User VHDL File                         ; C:/Users/joshu/OneDrive/Documents/Masters-Northwestern/Masters_Fall/CE-355/finalproject-ce355/final_project/color_constants.vhd          ;         ;
; altsyncram.tdf                                ; yes             ; Megafunction                           ; c:/intelfpga/23.1std/quartus/libraries/megafunctions/altsyncram.tdf                                                                      ;         ;
; stratix_ram_block.inc                         ; yes             ; Megafunction                           ; c:/intelfpga/23.1std/quartus/libraries/megafunctions/stratix_ram_block.inc                                                               ;         ;
; lpm_mux.inc                                   ; yes             ; Megafunction                           ; c:/intelfpga/23.1std/quartus/libraries/megafunctions/lpm_mux.inc                                                                         ;         ;
; lpm_decode.inc                                ; yes             ; Megafunction                           ; c:/intelfpga/23.1std/quartus/libraries/megafunctions/lpm_decode.inc                                                                      ;         ;
; aglobal231.inc                                ; yes             ; Megafunction                           ; c:/intelfpga/23.1std/quartus/libraries/megafunctions/aglobal231.inc                                                                      ;         ;
; a_rdenreg.inc                                 ; yes             ; Megafunction                           ; c:/intelfpga/23.1std/quartus/libraries/megafunctions/a_rdenreg.inc                                                                       ;         ;
; altrom.inc                                    ; yes             ; Megafunction                           ; c:/intelfpga/23.1std/quartus/libraries/megafunctions/altrom.inc                                                                          ;         ;
; altram.inc                                    ; yes             ; Megafunction                           ; c:/intelfpga/23.1std/quartus/libraries/megafunctions/altram.inc                                                                          ;         ;
; altdpram.inc                                  ; yes             ; Megafunction                           ; c:/intelfpga/23.1std/quartus/libraries/megafunctions/altdpram.inc                                                                        ;         ;
; db/altsyncram_e481.tdf                        ; yes             ; Auto-Generated Megafunction            ; C:/Users/joshu/OneDrive/Documents/Masters-Northwestern/Masters_Fall/CE-355/finalproject-ce355/final_project/db/altsyncram_e481.tdf       ;         ;
; ../miniprojects/Mini_project_vga/colorROM.mif ; yes             ; Auto-Found Memory Initialization File  ; C:/Users/joshu/OneDrive/Documents/Masters-Northwestern/Masters_Fall/CE-355/finalproject-ce355/miniprojects/Mini_project_vga/colorROM.mif ;         ;
+-----------------------------------------------+-----------------+----------------------------------------+------------------------------------------------------------------------------------------------------------------------------------------+---------+


+----------------------------------------------------------------------------------+
; Analysis & Synthesis Resource Usage Summary                                      ;
+---------------------------------------------+------------------------------------+
; Resource                                    ; Usage                              ;
+---------------------------------------------+------------------------------------+
; Estimated Total logic elements              ; 254                                ;
;                                             ;                                    ;
; Total combinational functions               ; 233                                ;
; Logic element usage by number of LUT inputs ;                                    ;
;     -- 4 input functions                    ; 62                                 ;
;     -- 3 input functions                    ; 53                                 ;
;     -- <=2 input functions                  ; 118                                ;
;                                             ;                                    ;
; Logic elements by mode                      ;                                    ;
;     -- normal mode                          ; 88                                 ;
;     -- arithmetic mode                      ; 145                                ;
;                                             ;                                    ;
; Total registers                             ; 99                                 ;
;     -- Dedicated logic registers            ; 99                                 ;
;     -- I/O registers                        ; 0                                  ;
;                                             ;                                    ;
; I/O pins                                    ; 30                                 ;
; Total memory bits                           ; 192                                ;
;                                             ;                                    ;
; Embedded Multiplier 9-bit elements          ; 0                                  ;
;                                             ;                                    ;
; Maximum fan-out node                        ; VGA_SYNC:videoSync|pixel_clock_int ;
; Maximum fan-out                             ; 71                                 ;
; Total fan-out                               ; 1075                               ;
; Average fan-out                             ; 2.58                               ;
+---------------------------------------------+------------------------------------+


+------------------------------------------------------------------------------------------------------------------------------------------------------------------------------------------------------------------------------------------------------------------------------------------------------------------------------+
; Analysis & Synthesis Resource Utilization by Entity                                                                                                                                                                                                                                                                          ;
+----------------------------------------------+---------------------+---------------------------+-------------+--------------+---------+-----------+------+--------------+-------------------------------------------------------------------------------------------------------------------+-----------------+--------------+
; Compilation Hierarchy Node                   ; Combinational ALUTs ; Dedicated Logic Registers ; Memory Bits ; DSP Elements ; DSP 9x9 ; DSP 18x18 ; Pins ; Virtual Pins ; Full Hierarchy Name                                                                                               ; Entity Name     ; Library Name ;
+----------------------------------------------+---------------------+---------------------------+-------------+--------------+---------+-----------+------+--------------+-------------------------------------------------------------------------------------------------------------------+-----------------+--------------+
; |tank_game                                   ; 233 (0)             ; 99 (0)                    ; 192         ; 0            ; 0       ; 0         ; 30   ; 0            ; |tank_game                                                                                                        ; tank_game       ; work         ;
;    |VGA_SYNC:videoSync|                      ; 59 (59)             ; 46 (46)                   ; 0           ; 0            ; 0       ; 0         ; 0    ; 0            ; |tank_game|VGA_SYNC:videoSync                                                                                     ; VGA_SYNC        ; work         ;
;    |pixelGenerator:videoGen|                 ; 174 (0)             ; 53 (0)                    ; 192         ; 0            ; 0       ; 0         ; 0    ; 0            ; |tank_game|pixelGenerator:videoGen                                                                                ; pixelGenerator  ; work         ;
;       |colorROM:colors|                      ; 0 (0)               ; 0 (0)                     ; 192         ; 0            ; 0       ; 0         ; 0    ; 0            ; |tank_game|pixelGenerator:videoGen|colorROM:colors                                                                ; colorROM        ; work         ;
;          |altsyncram:altsyncram_component|   ; 0 (0)               ; 0 (0)                     ; 192         ; 0            ; 0       ; 0         ; 0    ; 0            ; |tank_game|pixelGenerator:videoGen|colorROM:colors|altsyncram:altsyncram_component                                ; altsyncram      ; work         ;
;             |altsyncram_e481:auto_generated| ; 0 (0)               ; 0 (0)                     ; 192         ; 0            ; 0       ; 0         ; 0    ; 0            ; |tank_game|pixelGenerator:videoGen|colorROM:colors|altsyncram:altsyncram_component|altsyncram_e481:auto_generated ; altsyncram_e481 ; work         ;
;       |pll_counter:pll|                      ; 27 (27)             ; 21 (21)                   ; 0           ; 0            ; 0       ; 0         ; 0    ; 0            ; |tank_game|pixelGenerator:videoGen|pll_counter:pll                                                                ; pll_counter     ; work         ;
;       |tank_mover:mover_inst|                ; 77 (77)             ; 32 (32)                   ; 0           ; 0            ; 0       ; 0         ; 0    ; 0            ; |tank_game|pixelGenerator:videoGen|tank_mover:mover_inst                                                          ; tank_mover      ; work         ;
;       |tank_shape:shape_inst|                ; 70 (70)             ; 0 (0)                     ; 0           ; 0            ; 0       ; 0         ; 0    ; 0            ; |tank_game|pixelGenerator:videoGen|tank_shape:shape_inst                                                          ; tank_shape      ; work         ;
+----------------------------------------------+---------------------+---------------------------+-------------+--------------+---------+-----------+------+--------------+-------------------------------------------------------------------------------------------------------------------+-----------------+--------------+
Note: For table entries with two numbers listed, the numbers in parentheses indicate the number of resources of the given type used by the specific entity alone. The numbers listed outside of parentheses indicate the total resources of the given type used by the specific entity and all of its sub-entities in the hierarchy.


+-------------------------------------------------------------------------------------------------------------------------------------------------------------------------------------------------------------------+
; Analysis & Synthesis RAM Summary                                                                                                                                                                                  ;
+-------------------------------------------------------------------------------------------------------------------+------+------+--------------+--------------+--------------+--------------+------+--------------+
; Name                                                                                                              ; Type ; Mode ; Port A Depth ; Port A Width ; Port B Depth ; Port B Width ; Size ; MIF          ;
+-------------------------------------------------------------------------------------------------------------------+------+------+--------------+--------------+--------------+--------------+------+--------------+
; pixelGenerator:videoGen|colorROM:colors|altsyncram:altsyncram_component|altsyncram_e481:auto_generated|ALTSYNCRAM ; AUTO ; ROM  ; 8            ; 24           ; --           ; --           ; 192  ; colorROM.mif ;
+-------------------------------------------------------------------------------------------------------------------+------+------+--------------+--------------+--------------+--------------+------+--------------+


+--------------------------------------------------------------------------------+
; Registers Removed During Synthesis                                             ;
+---------------------------------------+----------------------------------------+
; Register name                         ; Reason for Removal                     ;
+---------------------------------------+----------------------------------------+
; VGA_SYNC:videoSync|pixel_row[9]       ; Stuck at GND due to stuck port data_in ;
; Total Number of Removed Registers = 1 ;                                        ;
+---------------------------------------+----------------------------------------+


+------------------------------------------------------+
; General Register Statistics                          ;
+----------------------------------------------+-------+
; Statistic                                    ; Value ;
+----------------------------------------------+-------+
; Total registers                              ; 99    ;
; Number of registers using Synchronous Clear  ; 0     ;
; Number of registers using Synchronous Load   ; 31    ;
; Number of registers using Asynchronous Clear ; 53    ;
; Number of registers using Asynchronous Load  ; 0     ;
; Number of registers using Clock Enable       ; 21    ;
; Number of registers using Preset             ; 0     ;
+----------------------------------------------+-------+


+-------------------------------------------------------------------------+
; Inverted Register Statistics                                            ;
+---------------------------------------------------------------+---------+
; Inverted Register                                             ; Fan out ;
+---------------------------------------------------------------+---------+
; pixelGenerator:videoGen|tank_mover:mover_inst|x_start[8]~reg0 ; 6       ;
; pixelGenerator:videoGen|tank_mover:mover_inst|x_start[5]~reg0 ; 6       ;
; pixelGenerator:videoGen|tank_mover:mover_inst|x_start[4]~reg0 ; 6       ;
; pixelGenerator:videoGen|tank_mover:mover_inst|x_start[0]~reg0 ; 5       ;
; pixelGenerator:videoGen|tank_mover:mover_inst|direction~reg0  ; 33      ;
; Total number of inverted registers = 5                        ;         ;
+---------------------------------------------------------------+---------+


+-----------------------------------------------------------------------------------------------------------------------------------------------------------------------------------------+
; Multiplexer Restructuring Statistics (Restructuring Performed)                                                                                                                          ;
+--------------------+-----------+---------------+----------------------+------------------------+------------+---------------------------------------------------------------------------+
; Multiplexer Inputs ; Bus Width ; Baseline Area ; Area if Restructured ; Saving if Restructured ; Registered ; Example Multiplexer Output                                                ;
+--------------------+-----------+---------------+----------------------+------------------------+------------+---------------------------------------------------------------------------+
; 3:1                ; 10 bits   ; 20 LEs        ; 10 LEs               ; 10 LEs                 ; Yes        ; |tank_game|VGA_SYNC:videoSync|v_count[6]                                  ;
; 3:1                ; 27 bits   ; 54 LEs        ; 54 LEs               ; 0 LEs                  ; Yes        ; |tank_game|pixelGenerator:videoGen|tank_mover:mover_inst|x_start[11]~reg0 ;
; 3:1                ; 4 bits    ; 8 LEs         ; 8 LEs                ; 0 LEs                  ; Yes        ; |tank_game|pixelGenerator:videoGen|tank_mover:mover_inst|x_start[8]~reg0  ;
+--------------------+-----------+---------------+----------------------+------------------------+------------+---------------------------------------------------------------------------+


+-------------------------------------------------------------------------------------------------------------------------------+
; Source assignments for pixelGenerator:videoGen|colorROM:colors|altsyncram:altsyncram_component|altsyncram_e481:auto_generated ;
+---------------------------------+--------------------+------+-----------------------------------------------------------------+
; Assignment                      ; Value              ; From ; To                                                              ;
+---------------------------------+--------------------+------+-----------------------------------------------------------------+
; OPTIMIZE_POWER_DURING_SYNTHESIS ; NORMAL_COMPILATION ; -    ; -                                                               ;
+---------------------------------+--------------------+------+-----------------------------------------------------------------+


+----------------------------------------------------------------------------------------------------------------------+
; Parameter Settings for User Entity Instance: pixelGenerator:videoGen|colorROM:colors|altsyncram:altsyncram_component ;
+------------------------------------+----------------------+----------------------------------------------------------+
; Parameter Name                     ; Value                ; Type                                                     ;
+------------------------------------+----------------------+----------------------------------------------------------+
; BYTE_SIZE_BLOCK                    ; 8                    ; Untyped                                                  ;
; AUTO_CARRY_CHAINS                  ; ON                   ; AUTO_CARRY                                               ;
; IGNORE_CARRY_BUFFERS               ; OFF                  ; IGNORE_CARRY                                             ;
; AUTO_CASCADE_CHAINS                ; ON                   ; AUTO_CASCADE                                             ;
; IGNORE_CASCADE_BUFFERS             ; OFF                  ; IGNORE_CASCADE                                           ;
; WIDTH_BYTEENA                      ; 1                    ; Untyped                                                  ;
; OPERATION_MODE                     ; ROM                  ; Untyped                                                  ;
; WIDTH_A                            ; 24                   ; Signed Integer                                           ;
; WIDTHAD_A                          ; 3                    ; Signed Integer                                           ;
; NUMWORDS_A                         ; 8                    ; Signed Integer                                           ;
; OUTDATA_REG_A                      ; UNREGISTERED         ; Untyped                                                  ;
; ADDRESS_ACLR_A                     ; NONE                 ; Untyped                                                  ;
; OUTDATA_ACLR_A                     ; NONE                 ; Untyped                                                  ;
; WRCONTROL_ACLR_A                   ; NONE                 ; Untyped                                                  ;
; INDATA_ACLR_A                      ; NONE                 ; Untyped                                                  ;
; BYTEENA_ACLR_A                     ; NONE                 ; Untyped                                                  ;
; WIDTH_B                            ; 1                    ; Untyped                                                  ;
; WIDTHAD_B                          ; 1                    ; Untyped                                                  ;
; NUMWORDS_B                         ; 1                    ; Untyped                                                  ;
; INDATA_REG_B                       ; CLOCK1               ; Untyped                                                  ;
; WRCONTROL_WRADDRESS_REG_B          ; CLOCK1               ; Untyped                                                  ;
; RDCONTROL_REG_B                    ; CLOCK1               ; Untyped                                                  ;
; ADDRESS_REG_B                      ; CLOCK1               ; Untyped                                                  ;
; OUTDATA_REG_B                      ; UNREGISTERED         ; Untyped                                                  ;
; BYTEENA_REG_B                      ; CLOCK1               ; Untyped                                                  ;
; INDATA_ACLR_B                      ; NONE                 ; Untyped                                                  ;
; WRCONTROL_ACLR_B                   ; NONE                 ; Untyped                                                  ;
; ADDRESS_ACLR_B                     ; NONE                 ; Untyped                                                  ;
; OUTDATA_ACLR_B                     ; NONE                 ; Untyped                                                  ;
; RDCONTROL_ACLR_B                   ; NONE                 ; Untyped                                                  ;
; BYTEENA_ACLR_B                     ; NONE                 ; Untyped                                                  ;
; WIDTH_BYTEENA_A                    ; 1                    ; Signed Integer                                           ;
; WIDTH_BYTEENA_B                    ; 1                    ; Untyped                                                  ;
; RAM_BLOCK_TYPE                     ; AUTO                 ; Untyped                                                  ;
; BYTE_SIZE                          ; 8                    ; Untyped                                                  ;
; READ_DURING_WRITE_MODE_MIXED_PORTS ; DONT_CARE            ; Untyped                                                  ;
; READ_DURING_WRITE_MODE_PORT_A      ; NEW_DATA_NO_NBE_READ ; Untyped                                                  ;
; READ_DURING_WRITE_MODE_PORT_B      ; NEW_DATA_NO_NBE_READ ; Untyped                                                  ;
; INIT_FILE                          ; colorROM.mif         ; Untyped                                                  ;
; INIT_FILE_LAYOUT                   ; PORT_A               ; Untyped                                                  ;
; MAXIMUM_DEPTH                      ; 0                    ; Untyped                                                  ;
; CLOCK_ENABLE_INPUT_A               ; BYPASS               ; Untyped                                                  ;
; CLOCK_ENABLE_INPUT_B               ; NORMAL               ; Untyped                                                  ;
; CLOCK_ENABLE_OUTPUT_A              ; BYPASS               ; Untyped                                                  ;
; CLOCK_ENABLE_OUTPUT_B              ; NORMAL               ; Untyped                                                  ;
; CLOCK_ENABLE_CORE_A                ; USE_INPUT_CLKEN      ; Untyped                                                  ;
; CLOCK_ENABLE_CORE_B                ; USE_INPUT_CLKEN      ; Untyped                                                  ;
; ENABLE_ECC                         ; FALSE                ; Untyped                                                  ;
; ECC_PIPELINE_STAGE_ENABLED         ; FALSE                ; Untyped                                                  ;
; WIDTH_ECCSTATUS                    ; 3                    ; Untyped                                                  ;
; DEVICE_FAMILY                      ; Cyclone IV E         ; Untyped                                                  ;
; CBXI_PARAMETER                     ; altsyncram_e481      ; Untyped                                                  ;
+------------------------------------+----------------------+----------------------------------------------------------+
Note: In order to hide this table in the UI and the text report file, please set the "Show Parameter Settings in Synthesis Report" option in "Analysis and Synthesis Settings -> More Settings" to "Off".


+---------------------------------------------------------------------------------------------------------------------+
; altsyncram Parameter Settings by Entity Instance                                                                    ;
+-------------------------------------------+-------------------------------------------------------------------------+
; Name                                      ; Value                                                                   ;
+-------------------------------------------+-------------------------------------------------------------------------+
; Number of entity instances                ; 1                                                                       ;
; Entity Instance                           ; pixelGenerator:videoGen|colorROM:colors|altsyncram:altsyncram_component ;
;     -- OPERATION_MODE                     ; ROM                                                                     ;
;     -- WIDTH_A                            ; 24                                                                      ;
;     -- NUMWORDS_A                         ; 8                                                                       ;
;     -- OUTDATA_REG_A                      ; UNREGISTERED                                                            ;
;     -- WIDTH_B                            ; 1                                                                       ;
;     -- NUMWORDS_B                         ; 1                                                                       ;
;     -- ADDRESS_REG_B                      ; CLOCK1                                                                  ;
;     -- OUTDATA_REG_B                      ; UNREGISTERED                                                            ;
;     -- RAM_BLOCK_TYPE                     ; AUTO                                                                    ;
;     -- READ_DURING_WRITE_MODE_MIXED_PORTS ; DONT_CARE                                                               ;
+-------------------------------------------+-------------------------------------------------------------------------+


+---------------------------------------------------------------------------+
; Port Connectivity Checks: "pixelGenerator:videoGen|tank_shape:shape_inst" ;
+----------------------+-------+----------+---------------------------------+
; Port                 ; Type  ; Severity ; Details                         ;
+----------------------+-------+----------+---------------------------------+
; pixel_row[30..10]    ; Input ; Info     ; Stuck at GND                    ;
; pixel_column[30..10] ; Input ; Info     ; Stuck at GND                    ;
; y_start[8..6]        ; Input ; Info     ; Stuck at VCC                    ;
; y_start[30..9]       ; Input ; Info     ; Stuck at GND                    ;
; y_start[5..2]        ; Input ; Info     ; Stuck at GND                    ;
; y_start[1]           ; Input ; Info     ; Stuck at VCC                    ;
; y_start[0]           ; Input ; Info     ; Stuck at GND                    ;
; tank_color           ; Input ; Info     ; Stuck at GND                    ;
+----------------------+-------+----------+---------------------------------+


+----------------------------------------------------------------------------------------------------------------------+
; Port Connectivity Checks: "pixelGenerator:videoGen|tank_mover:mover_inst"                                            ;
+-------------+-------+----------+-------------------------------------------------------------------------------------+
; Port        ; Type  ; Severity ; Details                                                                             ;
+-------------+-------+----------+-------------------------------------------------------------------------------------+
; speed[2..1] ; Input ; Info     ; Stuck at GND                                                                        ;
; speed[0]    ; Input ; Info     ; Stuck at VCC                                                                        ;
; direction   ; Bidir ; Warning  ; Connected to dangling logic. Logic that only feeds a dangling port will be removed. ;
+-------------+-------+----------+-------------------------------------------------------------------------------------+


+-----------------------------------------------------+
; Post-Synthesis Netlist Statistics for Top Partition ;
+-----------------------+-----------------------------+
; Type                  ; Count                       ;
+-----------------------+-----------------------------+
; boundary_port         ; 30                          ;
; cycloneiii_ff         ; 99                          ;
;     CLR               ; 22                          ;
;     CLR SLD           ; 31                          ;
;     ENA               ; 21                          ;
;     plain             ; 25                          ;
; cycloneiii_lcell_comb ; 233                         ;
;     arith             ; 145                         ;
;         1 data inputs ; 1                           ;
;         2 data inputs ; 97                          ;
;         3 data inputs ; 47                          ;
;     normal            ; 88                          ;
;         0 data inputs ; 2                           ;
;         1 data inputs ; 4                           ;
;         2 data inputs ; 14                          ;
;         3 data inputs ; 6                           ;
;         4 data inputs ; 62                          ;
; cycloneiii_ram_block  ; 24                          ;
;                       ;                             ;
; Max LUT depth         ; 8.00                        ;
; Average LUT depth     ; 4.18                        ;
+-----------------------+-----------------------------+


+-------------------------------+
; Elapsed Time Per Partition    ;
+----------------+--------------+
; Partition Name ; Elapsed Time ;
+----------------+--------------+
; Top            ; 00:00:00     ;
+----------------+--------------+


+-------------------------------+
; Analysis & Synthesis Messages ;
+-------------------------------+
Info: *******************************************************************
Info: Running Quartus Prime Analysis & Synthesis
    Info: Version 23.1std.1 Build 993 05/14/2024 SC Standard Edition
    Info: Processing started: Mon Dec  2 11:31:32 2024
Info: Command: quartus_map --read_settings_files=on --write_settings_files=off tank_game -c tank_game
Warning (18236): Number of processors has not been specified which may cause overloading on shared machines.  Set the global assignment NUM_PARALLEL_PROCESSORS in your QSF to an appropriate value for best performance.
Info (20030): Parallel compilation is enabled and will use 6 of the 6 processors detected
Info (12021): Found 2 design units, including 1 entities, in source file /users/joshu/onedrive/documents/masters-northwestern/masters_fall/ce-355/finalproject-ce355/miniprojects/mini_project_vga/vga_sync.vhd
    Info (12022): Found design unit 1: VGA_SYNC-behavioral File: C:/Users/joshu/OneDrive/Documents/Masters-Northwestern/Masters_Fall/CE-355/finalproject-ce355/miniprojects/Mini_project_vga/vga_sync.vhd Line: 16
    Info (12023): Found entity 1: VGA_SYNC File: C:/Users/joshu/OneDrive/Documents/Masters-Northwestern/Masters_Fall/CE-355/finalproject-ce355/miniprojects/Mini_project_vga/vga_sync.vhd Line: 7
Info (12021): Found 2 design units, including 1 entities, in source file /users/joshu/onedrive/documents/masters-northwestern/masters_fall/ce-355/finalproject-ce355/miniprojects/mini_project_vga/colorrom.vhd
    Info (12022): Found design unit 1: colorrom-SYN File: C:/Users/joshu/OneDrive/Documents/Masters-Northwestern/Masters_Fall/CE-355/finalproject-ce355/miniprojects/Mini_project_vga/colorROM.vhd Line: 52
    Info (12023): Found entity 1: colorROM File: C:/Users/joshu/OneDrive/Documents/Masters-Northwestern/Masters_Fall/CE-355/finalproject-ce355/miniprojects/Mini_project_vga/colorROM.vhd Line: 42
Info (12021): Found 2 design units, including 0 entities, in source file /users/joshu/onedrive/documents/masters-northwestern/masters_fall/ce-355/finalproject-ce355/tank_testing/tank_const.vhd
    Info (12022): Found design unit 1: tank_const File: C:/Users/joshu/OneDrive/Documents/Masters-Northwestern/Masters_Fall/CE-355/finalproject-ce355/tank_testing/tank_const.vhd Line: 5
    Info (12022): Found design unit 2: tank_const-body File: C:/Users/joshu/OneDrive/Documents/Masters-Northwestern/Masters_Fall/CE-355/finalproject-ce355/tank_testing/tank_const.vhd Line: 15
Info (12021): Found 2 design units, including 1 entities, in source file /users/joshu/onedrive/documents/masters-northwestern/masters_fall/ce-355/finalproject-ce355/tank_testing/pll_counter.vhd
    Info (12022): Found design unit 1: pll_counter-behavioral File: C:/Users/joshu/OneDrive/Documents/Masters-Northwestern/Masters_Fall/CE-355/finalproject-ce355/tank_testing/pll_counter.vhd Line: 13
    Info (12023): Found entity 1: pll_counter File: C:/Users/joshu/OneDrive/Documents/Masters-Northwestern/Masters_Fall/CE-355/finalproject-ce355/tank_testing/pll_counter.vhd Line: 5
Info (12021): Found 2 design units, including 1 entities, in source file tank_game.vhd
    Info (12022): Found design unit 1: tank_game-structural File: C:/Users/joshu/OneDrive/Documents/Masters-Northwestern/Masters_Fall/CE-355/finalproject-ce355/final_project/tank_game.vhd Line: 17
    Info (12023): Found entity 1: tank_game File: C:/Users/joshu/OneDrive/Documents/Masters-Northwestern/Masters_Fall/CE-355/finalproject-ce355/final_project/tank_game.vhd Line: 5
Info (12021): Found 2 design units, including 1 entities, in source file pixelgenerator.vhd
    Info (12022): Found design unit 1: pixelGenerator-behavioral File: C:/Users/joshu/OneDrive/Documents/Masters-Northwestern/Masters_Fall/CE-355/finalproject-ce355/final_project/pixelGenerator.vhd Line: 16
    Info (12023): Found entity 1: pixelGenerator File: C:/Users/joshu/OneDrive/Documents/Masters-Northwestern/Masters_Fall/CE-355/finalproject-ce355/final_project/pixelGenerator.vhd Line: 8
Info (12021): Found 2 design units, including 1 entities, in source file tank_mover.vhd
    Info (12022): Found design unit 1: tank_mover-behavioral File: C:/Users/joshu/OneDrive/Documents/Masters-Northwestern/Masters_Fall/CE-355/finalproject-ce355/final_project/tank_mover.vhd Line: 17
    Info (12023): Found entity 1: tank_mover File: C:/Users/joshu/OneDrive/Documents/Masters-Northwestern/Masters_Fall/CE-355/finalproject-ce355/final_project/tank_mover.vhd Line: 6
Info (12021): Found 2 design units, including 1 entities, in source file tank_shape.vhd
    Info (12022): Found design unit 1: tank_shape-behavioral File: C:/Users/joshu/OneDrive/Documents/Masters-Northwestern/Masters_Fall/CE-355/finalproject-ce355/final_project/tank_shape.vhd Line: 18
    Info (12023): Found entity 1: tank_shape File: C:/Users/joshu/OneDrive/Documents/Masters-Northwestern/Masters_Fall/CE-355/finalproject-ce355/final_project/tank_shape.vhd Line: 7
Info (12021): Found 2 design units, including 0 entities, in source file color_constants.vhd
    Info (12022): Found design unit 1: color_constants File: C:/Users/joshu/OneDrive/Documents/Masters-Northwestern/Masters_Fall/CE-355/finalproject-ce355/final_project/color_constants.vhd Line: 4
    Info (12022): Found design unit 2: color_constants-body File: C:/Users/joshu/OneDrive/Documents/Masters-Northwestern/Masters_Fall/CE-355/finalproject-ce355/final_project/color_constants.vhd Line: 16
Info (12127): Elaborating entity "tank_game" for the top level hierarchy
Info (12128): Elaborating entity "pixelGenerator" for hierarchy "pixelGenerator:videoGen" File: C:/Users/joshu/OneDrive/Documents/Masters-Northwestern/Masters_Fall/CE-355/finalproject-ce355/final_project/tank_game.vhd Line: 47
Warning (10540): VHDL Signal Declaration warning at pixelGenerator.vhd(21): used explicit default value for signal "y_start" because signal was never assigned a value File: C:/Users/joshu/OneDrive/Documents/Masters-Northwestern/Masters_Fall/CE-355/finalproject-ce355/final_project/pixelGenerator.vhd Line: 21
Warning (10540): VHDL Signal Declaration warning at pixelGenerator.vhd(24): used explicit default value for signal "tank_color" because signal was never assigned a value File: C:/Users/joshu/OneDrive/Documents/Masters-Northwestern/Masters_Fall/CE-355/finalproject-ce355/final_project/pixelGenerator.vhd Line: 24
Warning (10540): VHDL Signal Declaration warning at pixelGenerator.vhd(26): used explicit default value for signal "speed" because signal was never assigned a value File: C:/Users/joshu/OneDrive/Documents/Masters-Northwestern/Masters_Fall/CE-355/finalproject-ce355/final_project/pixelGenerator.vhd Line: 26
Warning (10036): Verilog HDL or VHDL warning at pixelGenerator.vhd(39): object "pixel_row_int" assigned a value but never read File: C:/Users/joshu/OneDrive/Documents/Masters-Northwestern/Masters_Fall/CE-355/finalproject-ce355/final_project/pixelGenerator.vhd Line: 39
Warning (10036): Verilog HDL or VHDL warning at pixelGenerator.vhd(39): object "pixel_column_int" assigned a value but never read File: C:/Users/joshu/OneDrive/Documents/Masters-Northwestern/Masters_Fall/CE-355/finalproject-ce355/final_project/pixelGenerator.vhd Line: 39
Info (12128): Elaborating entity "pll_counter" for hierarchy "pixelGenerator:videoGen|pll_counter:pll" File: C:/Users/joshu/OneDrive/Documents/Masters-Northwestern/Masters_Fall/CE-355/finalproject-ce355/final_project/pixelGenerator.vhd Line: 81
Info (12128): Elaborating entity "colorROM" for hierarchy "pixelGenerator:videoGen|colorROM:colors" File: C:/Users/joshu/OneDrive/Documents/Masters-Northwestern/Masters_Fall/CE-355/finalproject-ce355/final_project/pixelGenerator.vhd Line: 84
Info (12128): Elaborating entity "altsyncram" for hierarchy "pixelGenerator:videoGen|colorROM:colors|altsyncram:altsyncram_component" File: C:/Users/joshu/OneDrive/Documents/Masters-Northwestern/Masters_Fall/CE-355/finalproject-ce355/miniprojects/Mini_project_vga/colorROM.vhd Line: 84
Info (12130): Elaborated megafunction instantiation "pixelGenerator:videoGen|colorROM:colors|altsyncram:altsyncram_component" File: C:/Users/joshu/OneDrive/Documents/Masters-Northwestern/Masters_Fall/CE-355/finalproject-ce355/miniprojects/Mini_project_vga/colorROM.vhd Line: 84
Info (12133): Instantiated megafunction "pixelGenerator:videoGen|colorROM:colors|altsyncram:altsyncram_component" with the following parameter: File: C:/Users/joshu/OneDrive/Documents/Masters-Northwestern/Masters_Fall/CE-355/finalproject-ce355/miniprojects/Mini_project_vga/colorROM.vhd Line: 84
    Info (12134): Parameter "clock_enable_input_a" = "BYPASS"
    Info (12134): Parameter "clock_enable_output_a" = "BYPASS"
    Info (12134): Parameter "init_file" = "colorROM.mif"
    Info (12134): Parameter "intended_device_family" = "Cyclone II"
    Info (12134): Parameter "lpm_hint" = "ENABLE_RUNTIME_MOD=NO"
    Info (12134): Parameter "lpm_type" = "altsyncram"
    Info (12134): Parameter "numwords_a" = "8"
    Info (12134): Parameter "operation_mode" = "ROM"
    Info (12134): Parameter "outdata_aclr_a" = "NONE"
    Info (12134): Parameter "outdata_reg_a" = "UNREGISTERED"
    Info (12134): Parameter "widthad_a" = "3"
    Info (12134): Parameter "width_a" = "24"
    Info (12134): Parameter "width_byteena_a" = "1"
Info (12021): Found 1 design units, including 1 entities, in source file db/altsyncram_e481.tdf
    Info (12023): Found entity 1: altsyncram_e481 File: C:/Users/joshu/OneDrive/Documents/Masters-Northwestern/Masters_Fall/CE-355/finalproject-ce355/final_project/db/altsyncram_e481.tdf Line: 28
Info (12128): Elaborating entity "altsyncram_e481" for hierarchy "pixelGenerator:videoGen|colorROM:colors|altsyncram:altsyncram_component|altsyncram_e481:auto_generated" File: c:/intelfpga/23.1std/quartus/libraries/megafunctions/altsyncram.tdf Line: 792
Warning (113018): Width of data items in "colorROM.mif" is greater than the memory width. Truncating data items to fit in memory. File: C:/Users/joshu/OneDrive/Documents/Masters-Northwestern/Masters_Fall/CE-355/finalproject-ce355/miniprojects/Mini_project_vga/colorROM.mif Line: 23
Info (12128): Elaborating entity "tank_mover" for hierarchy "pixelGenerator:videoGen|tank_mover:mover_inst" File: C:/Users/joshu/OneDrive/Documents/Masters-Northwestern/Masters_Fall/CE-355/finalproject-ce355/final_project/pixelGenerator.vhd Line: 88
Info (12128): Elaborating entity "tank_shape" for hierarchy "pixelGenerator:videoGen|tank_shape:shape_inst" File: C:/Users/joshu/OneDrive/Documents/Masters-Northwestern/Masters_Fall/CE-355/finalproject-ce355/final_project/pixelGenerator.vhd Line: 99
Info (12128): Elaborating entity "VGA_SYNC" for hierarchy "VGA_SYNC:videoSync" File: C:/Users/joshu/OneDrive/Documents/Masters-Northwestern/Masters_Fall/CE-355/finalproject-ce355/final_project/tank_game.vhd Line: 55
Warning (12241): 1 hierarchies have connectivity warnings - see the Connectivity Checks report folder
Info (13000): Registers with preset signals will power-up high File: C:/Users/joshu/OneDrive/Documents/Masters-Northwestern/Masters_Fall/CE-355/finalproject-ce355/final_project/tank_mover.vhd Line: 13
Info (13003): DEV_CLRn pin will set, and not reset, register with preset signal due to NOT Gate Push-Back
Info (286030): Timing-Driven Synthesis is running
Info (16010): Generating hard_block partition "hard_block:auto_generated_inst"
    Info (16011): Adding 0 node(s), including 0 DDIO, 0 PLL, 0 transceiver and 0 LCELL
Info (21057): Implemented 310 device resources after synthesis - the final resource count might be different
    Info (21058): Implemented 2 input pins
    Info (21059): Implemented 28 output pins
    Info (21061): Implemented 256 logic cells
    Info (21064): Implemented 24 RAM segments
Info: Quartus Prime Analysis & Synthesis was successful. 0 errors, 8 warnings
    Info: Peak virtual memory: 4823 megabytes
    Info: Processing ended: Mon Dec  2 11:31:41 2024
    Info: Elapsed time: 00:00:09
    Info: Total CPU time (on all processors): 00:00:18


